<?xml version="1.0" encoding="utf-8"?><testsuites name="pytest tests"><testsuite name="pytest" errors="0" failures="0" skipped="0" tests="53" time="3.345" timestamp="2026-09-14T10:32:29.230867-04:00" hostname="Rylands-MacBook-Air.local"><testcase classname="tests.test_forecast_accuracy" name="test_prefix_failure_cannot_recover_at_endpoint" time="0.001" /><testcase classname="tests.test_forecast_accuracy" name="test_poor_short_recording_cannot_be_hidden_by_pooling" time="0.001" /><testcase classname="tests.test_forecast_accuracy" name="test_marginal_95_percent_does_not_claim_joint_95_percent" time="0.000" /><testcase classname="tests.test_forecast_accuracy" name="test_nearest_rank_is_empirical_not_a_conformal_bound" time="0.000" /><testcase classname="tests.test_forecast_accuracy" name="test_nonfinite_forecasts_fail_without_dropping_windows" time="0.000" /><testcase classname="tests.test_forecast_accuracy" name="test_units_and_window_order_do_not_change_joint_fraction" time="0.003" /><testcase classname="tests.test_forecast_accuracy" name="test_invalid_allowance_rejected[0]" time="0.000" /><testcase classname="tests.test_forecast_accuracy" name="test_invalid_allowance_rejected[-1]" time="0.000" /><testcase classname="tests.test_forecast_accuracy" name="test_invalid_allowance_rejected[inf]" time="0.000" /><testcase classname="tests.test_forecast_accuracy" name="test_invalid_allowance_rejected[nan]" time="0.000" /><testcase classname="tests.test_forecast_accuracy" name="test_invalid_allowance_rejected[True]" time="0.000" /><testcase classname="tests.test_forecast_accuracy" name="test_invalid_allowance_rejected[limit5]" time="0.000" /><testcase classname="tests.test_forecast_accuracy" name="test_invalid_allowance_rejected[invalid]" time="0.000" /><testcase classname="tests.test_forecast_accuracy" name="test_invalid_contract_rejected[errors0-ids0-times0-limits0]" time="0.000" /><testcase classname="tests.test_forecast_accuracy" name="test_invalid_contract_rejected[errors1-ids1-times1-limits1]" time="0.000" /><testcase classname="tests.test_forecast_accuracy" name="test_invalid_contract_rejected[errors2-ids2-times2-limits2]" time="0.000" /><testcase classname="tests.test_forecast_accuracy" name="test_invalid_contract_rejected[errors3-ids3-times3-limits3]" time="0.000" /><testcase classname="tests.test_forecast_accuracy" name="test_invalid_contract_rejected[errors4-ids4-times4-limits4]" time="0.000" /><testcase classname="tests.test_forecast_accuracy" name="test_invalid_contract_rejected[errors5-ids5-times5-limits5]" time="0.000" /><testcase classname="tests.test_forecast_accuracy" name="test_invalid_contract_rejected[errors6-ids6-times6-limits6]" time="0.000" /><testcase classname="tests.test_forecast_accuracy" name="test_invalid_contract_rejected[errors7-ids7-times7-limits7]" time="0.000" /><testcase classname="tests.test_forecast_accuracy" name="test_invalid_contract_rejected[errors8-ids8-times8-limits8]" time="0.000" /><testcase classname="tests.test_forecast_accuracy" name="test_invalid_contract_rejected[errors9-ids9-times9-limits9]" time="0.000" /><testcase classname="tests.test_forecast_accuracy" name="test_invalid_contract_rejected[errors10-ids10-times10-limits10]" time="0.000" /><testcase classname="tests.test_default_model" name="test_fit_and_update_have_no_tuning_parameters" time="0.000" /><testcase classname="tests.test_default_model" name="test_one_recursive_model_and_prefix_causality" time="1.817" /><testcase classname="tests.test_default_model" name="test_missing_history_and_unsupported_horizon_are_rejected" time="0.012" /><testcase classname="tests.test_default_model" name="test_roundtrip_retains_recipe_evidence_and_cache" time="0.113" /><testcase classname="tests.test_default_model" name="test_update_preserves_old_revision_and_reserved_observations" time="0.429" /><testcase classname="tests.test_default_model" name="test_input_record_order_does_not_change_the_recipe_result" time="0.527" /><testcase classname="tests.test_default_model" name="test_update_rejects_mismatch_and_reused_evidence[configuration]" time="0.000" /><testcase classname="tests.test_default_model" name="test_update_rejects_mismatch_and_reused_evidence[units]" time="0.000" /><testcase classname="tests.test_default_model" name="test_update_rejects_mismatch_and_reused_evidence[dt]" time="0.000" /><testcase classname="tests.test_default_model" name="test_update_rejects_mismatch_and_reused_evidence[identity]" time="0.000" /><testcase classname="tests.test_default_model" name="test_update_rejects_mismatch_and_reused_evidence[content]" time="0.000" /><testcase classname="tests.test_default_model" name="test_recording_facts_and_independent_roles_are_required" time="0.001" /><testcase classname="tests.test_default_model" name="test_report_and_contract_are_defensive_copies" time="0.000" /><testcase classname="tests.test_sequence_collection" name="test_mask_extracts_only_complete_windows_with_provenance" time="0.000" /><testcase classname="tests.test_sequence_collection" name="test_recording_identity_distinguishes_same_source_rows" time="0.000" /><testcase classname="tests.test_sequence_collection" name="test_invalid_window_keys_rejected[gap]" time="0.000" /><testcase classname="tests.test_sequence_collection" name="test_invalid_window_keys_rejected[duplicate]" time="0.000" /><testcase classname="tests.test_sequence_collection" name="test_invalid_window_keys_rejected[unknown]" time="0.000" /><testcase classname="tests.test_sequence_collection" name="test_invalid_window_keys_rejected[fractional]" time="0.000" /><testcase classname="tests.test_sequence_collection" name="test_invalid_window_keys_rejected[boolean]" time="0.000" /><testcase classname="tests.test_sequence_collection" name="test_inconsistent_segment_collections_rejected[duplicate]" time="0.000" /><testcase classname="tests.test_sequence_collection" name="test_inconsistent_segment_collections_rejected[overlap]" time="0.000" /><testcase classname="tests.test_sequence_collection" name="test_inconsistent_segment_collections_rejected[dt]" time="0.000" /><testcase classname="tests.test_sequence_collection" name="test_inconsistent_segment_collections_rejected[channels]" time="0.000" /><testcase classname="tests.test_sequence_collection" name="test_mask_requires_boolean_and_finite_retained_rows" time="0.000" /><testcase classname="tests.test_public_api" name="test_public_api_exports_resolve_and_are_unique" time="0.000" /><testcase classname="tests.test_public_api" name="test_public_api_matches_the_recorded_surface" time="0.000" /><testcase classname="tests.test_public_api" name="test_public_api_names_never_shadow_a_submodule" time="0.000" /><testcase classname="tests.test_public_api" name="test_importing_public_api_does_not_load_deferred_subpackages" time="0.369" /></testsuite></testsuites>