<?xml version="1.0" encoding="utf-8"?><testsuites name="pytest tests"><testsuite name="pytest" errors="0" failures="0" skipped="0" tests="8" time="0.060" timestamp="2026-09-14T12:29:43.103864-04:00" hostname="Rylands-MacBook-Air.local"><testcase classname="tests.test_model_qualification" name="test_linear_counterfactual_derivative_and_policy_ambiguity" time="0.028" /><testcase classname="tests.test_model_qualification" name="test_hidden_memory_probe_is_causal_and_indistinguishable" time="0.001" /><testcase classname="tests.test_model_qualification" name="test_encodings_preserve_information_and_common_coordinates[identity]" time="0.001" /><testcase classname="tests.test_model_qualification" name="test_encodings_preserve_information_and_common_coordinates[units_offset]" time="0.001" /><testcase classname="tests.test_model_qualification" name="test_encodings_preserve_information_and_common_coordinates[orthogonal]" time="0.001" /><testcase classname="tests.test_model_qualification" name="test_encodings_preserve_information_and_common_coordinates[permuted]" time="0.001" /><testcase classname="tests.test_model_qualification" name="test_encodings_preserve_information_and_common_coordinates[duplicate_first]" time="0.001" /><testcase classname="tests.test_model_qualification" name="test_recordings_and_windows_keep_future_targets_separate" time="0.011" /></testsuite></testsuites>