<?xml version="1.0" encoding="utf-8"?><testsuites name="pytest tests"><testsuite name="pytest" errors="0" failures="0" skipped="0" tests="155" time="23.410" timestamp="2026-09-14T09:04:44.989901-04:00" hostname="Rylands-MacBook-Air.local"><testcase classname="tests.test_model_structures" name="test_pairwise_kernel_matches_explicit_products_and_is_psd" time="0.006" /><testcase classname="tests.test_model_structures" name="test_regression_predictions_gradients_and_serialization[linear]" time="0.519" /><testcase classname="tests.test_model_structures" name="test_regression_predictions_gradients_and_serialization[rbf]" time="0.678" /><testcase classname="tests.test_model_structures" name="test_regression_predictions_gradients_and_serialization[additive]" time="0.087" /><testcase classname="tests.test_model_structures" name="test_regression_predictions_gradients_and_serialization[pairwise]" time="0.144" /><testcase classname="tests.test_model_structures" name="test_sequence_alignment_and_no_future_state_in_inputs" time="0.001" /><testcase classname="tests.test_model_structures" name="test_recursive_prediction_matches_independent_loop[linear]" time="0.691" /><testcase classname="tests.test_model_structures" name="test_recursive_prediction_matches_independent_loop[delay]" time="0.268" /><testcase classname="tests.test_model_structures" name="test_recursive_prediction_matches_independent_loop[mlp]" time="0.250" /><testcase classname="tests.test_model_structures" name="test_recursive_prediction_matches_independent_loop[latent]" time="0.420" /><testcase classname="tests.test_model_structures" name="test_recursive_prediction_matches_independent_loop[delay_mlp]" time="0.274" /><testcase classname="tests.test_model_structures" name="test_sequence_training_runs_with_both_objectives[rollout]" time="0.629" /><testcase classname="tests.test_model_structures" name="test_sequence_training_runs_with_both_objectives[teacher]" time="0.271" /><testcase classname="tests.test_model_structures" name="test_invalid_regression_inputs_are_rejected" time="0.000" /><testcase classname="tests.test_outputwise_transition" name="test_outputs_retain_coupling_and_have_jittable_vector_predictions" time="1.675" /><testcase classname="tests.test_outputwise_transition" name="test_rollout_updates_outputs_simultaneously" time="0.058" /><testcase classname="tests.test_outputwise_transition" name="test_scalar_training_preserves_all_features_exactly" time="0.026" /><testcase classname="tests.test_outputwise_transition" name="test_round_trip_and_tampered_member_rejected" time="0.271" /><testcase classname="tests.test_outputwise_transition" name="test_context_and_arbitrary_command_width" time="1.249" /><testcase classname="tests.test_outputwise_transition" name="test_invalid_manifest_and_empty_model" time="0.001" /><testcase classname="tests.test_diagnosis_sampling" name="test_histories_and_horizons_keep_identical_origins" time="0.022" /><testcase classname="tests.test_diagnosis_sampling" name="test_smaller_budget_is_nested_within_each_flight" time="0.005" /><testcase classname="tests.test_diagnosis_sampling" name="test_evaluation_origins_do_not_change_with_sampling_seed" time="0.003" /><testcase classname="tests.test_temporal_transition" name="test_windows_use_future_actuation_but_only_origin_and_past_states" time="0.000" /><testcase classname="tests.test_temporal_transition" name="test_auxiliary_measurements_are_sampled_only_at_origin" time="0.000" /><testcase classname="tests.test_temporal_transition" name="test_default_control_bins_work_for_short_and_long_horizons[1-1]" time="0.000" /><testcase classname="tests.test_temporal_transition" name="test_default_control_bins_work_for_short_and_long_horizons[25-10]" time="0.000" /><testcase classname="tests.test_temporal_transition" name="test_incomplete_or_duplicate_windows_are_rejected[anchors0]" time="0.000" /><testcase classname="tests.test_temporal_transition" name="test_incomplete_or_duplicate_windows_are_rejected[anchors1]" time="0.000" /><testcase classname="tests.test_temporal_transition" name="test_incomplete_or_duplicate_windows_are_rejected[anchors2]" time="0.000" /><testcase classname="tests.test_temporal_transition" name="test_incomplete_or_duplicate_windows_are_rejected[anchors3]" time="0.000" /><testcase classname="tests.test_temporal_transition" name="test_increment_mean_adds_identity_to_predictions_and_derivatives" time="1.597" /><testcase classname="tests.test_temporal_transition" name="test_increment_fitter_preserves_the_external_next_state_contract" time="0.851" /><testcase classname="tests.test_transition_gp" name="test_conditioning_matches_repeated_measurement_closed_form[rbf]" time="0.049" /><testcase classname="tests.test_transition_gp" name="test_conditioning_matches_repeated_measurement_closed_form[matern52]" time="0.504" /><testcase classname="tests.test_transition_gp" name="test_conditioning_matches_repeated_measurement_closed_form[rq]" time="0.179" /><testcase classname="tests.test_transition_gp" name="test_learns_complete_transition_and_jit_rollout[rbf]" time="0.680" /><testcase classname="tests.test_transition_gp" name="test_local_slope_and_curvature_against_known_response[rbf]" time="0.939" /><testcase classname="tests.test_transition_gp" name="test_round_trip_preserves_predictions_and_evidence[rbf]" time="0.126" /><testcase classname="tests.test_transition_gp" name="test_learns_complete_transition_and_jit_rollout[rq]" time="0.333" /><testcase classname="tests.test_transition_gp" name="test_local_slope_and_curvature_against_known_response[rq]" time="0.244" /><testcase classname="tests.test_transition_gp" name="test_round_trip_preserves_predictions_and_evidence[rq]" time="0.043" /><testcase classname="tests.test_transition_gp" name="test_rational_quadratic_limit_and_long_range_correlation" time="0.187" /><testcase classname="tests.test_transition_gp" name="test_support_identifies_thin_direction_despite_nearby_samples" time="0.792" /><testcase classname="tests.test_transition_gp" name="test_arbitrary_channel_counts_context_and_input_copy" time="0.733" /><testcase classname="tests.test_transition_gp" name="test_rejects_invalid_timing[0.0]" time="0.000" /><testcase classname="tests.test_transition_gp" name="test_rejects_invalid_timing[-1.0]" time="0.000" /><testcase classname="tests.test_transition_gp" name="test_rejects_invalid_timing[nan]" time="0.000" /><testcase classname="tests.test_transition_gp" name="test_rejects_nonfinite_or_misaligned_samples" time="0.000" /><testcase classname="tests.test_error_calibration" name="test_finite_sample_quantile_and_insufficient_evidence" time="0.001" /><testcase classname="tests.test_error_calibration" name="test_invalid_miscoverage[0]" time="0.000" /><testcase classname="tests.test_error_calibration" name="test_invalid_miscoverage[1]" time="0.000" /><testcase classname="tests.test_error_calibration" name="test_invalid_miscoverage[nan]" time="0.000" /><testcase classname="tests.test_error_calibration" name="test_invalid_miscoverage[-0.1]" time="0.000" /><testcase classname="tests.test_error_calibration" name="test_vector_score_counts_rows_and_covers_outputs_jointly" time="0.056" /><testcase classname="tests.test_error_calibration" name="test_local_scale_uses_reserved_errors_and_does_not_add_gp_variance" time="0.002" /><testcase classname="tests.test_error_calibration" name="test_overlap_rejected_across_every_data_role" time="0.000" /><testcase classname="tests.test_error_calibration" name="test_units_timing_revision_and_history_contract_invalidate_evidence" time="0.001" /><testcase classname="tests.test_error_calibration" name="test_roundtrip_and_arbitrary_batch_shape[global]" time="0.002" /><testcase classname="tests.test_error_calibration" name="test_roundtrip_and_arbitrary_batch_shape[local]" time="0.002" /><testcase classname="tests.test_error_calibration" name="test_all_zero_errors_and_too_few_calibration_rows_are_well_defined" time="0.001" /><testcase classname="tests.test_error_calibration" name="test_fingerprint_survives_serialization_and_changes_with_prediction" time="0.024" /><testcase classname="tests.test_error_calibration" name="test_bad_shapes_nonfinite_values_and_mutable_inputs" time="0.001" /><testcase classname="tests.test_error_calibration" name="test_split_rank_coverage_by_enumerating_exchangeable_test_assignment" time="0.000" /><testcase classname="tests.test_nanodrone_benchmark" name="test_adapter_emits_strict_canonical_trajectory" time="0.002" /><testcase classname="tests.test_nanodrone_benchmark" name="test_inspection_reports_source_quality" time="0.001" /><testcase classname="tests.test_nanodrone_benchmark" name="test_adapter_rejects_modified_pinned_recording_by_default" time="0.001" /><testcase classname="tests.test_nanodrone_benchmark" name="test_adapter_rejects_nonuniform_timing" time="0.001" /><testcase classname="tests.test_nanodrone_benchmark" name="test_benchmark_protocol_uses_every_start_and_euclidean_mae" time="0.592" /><testcase classname="tests.test_nanodrone_benchmark" name="test_benchmark_attitude_metric_resolves_quaternion_double_cover" time="0.000" /><testcase classname="tests.test_nanodrone_benchmark" name="test_published_reference_comparison_reports_direct_ratios" time="0.000" /><testcase classname="tests.test_nanodrone_benchmark" name="test_saved_model_benchmark_report_round_trip" time="0.476" /><testcase classname="tests.test_nanodrone_benchmark" name="test_benchmark_evaluation_rejects_training_profile" time="0.001" /><testcase classname="tests.test_public_api" name="test_public_api_exports_resolve_and_are_unique" time="0.000" /><testcase classname="tests.test_public_api" name="test_public_api_matches_the_recorded_surface" time="0.000" /><testcase classname="tests.test_public_api" name="test_public_api_names_never_shadow_a_submodule" time="0.001" /><testcase classname="tests.test_public_api" name="test_importing_public_api_does_not_load_deferred_subpackages" time="0.464" /><testcase classname="tests.test_shape_sampling" name="test_acquisition_uses_independent_pool_and_retains_the_same_base[20]" time="0.024" /><testcase classname="tests.test_shape_sampling" name="test_acquisition_uses_independent_pool_and_retains_the_same_base[21]" time="0.019" /><testcase classname="tests.test_shape_sampling" name="test_acquisition_uses_independent_pool_and_retains_the_same_base[22]" time="0.019" /><testcase classname="tests.test_shape_sampling" name="test_acquisition_uses_independent_pool_and_retains_the_same_base[23]" time="0.018" /><testcase classname="tests.test_shape_sampling" name="test_acquisition_uses_independent_pool_and_retains_the_same_base[24]" time="0.019" /><testcase classname="tests.test_sequence_transfer" name="test_causal_hold_uses_publication_time_and_last_duplicate" time="0.001" /><testcase classname="tests.test_sequence_transfer" name="test_future_publications_cannot_change_earlier_sampled_features" time="0.000" /><testcase classname="tests.test_sequence_transfer" name="test_invalid_causal_streams_are_rejected[time0-values0-1]" time="0.000" /><testcase classname="tests.test_sequence_transfer" name="test_invalid_causal_streams_are_rejected[time1-values1-1]" time="0.000" /><testcase classname="tests.test_sequence_transfer" name="test_invalid_causal_streams_are_rejected[time2-values2--1]" time="0.000" /><testcase classname="tests.test_sequence_transfer" name="test_relative_scale_equalizes_horizons_and_uses_explicit_floor" time="0.000" /><testcase classname="tests.test_sequence_transfer" name="test_guard_checks_each_horizon_and_group_not_just_average" time="0.371" /><testcase classname="tests.test_sequence_transfer" name="test_guard_allows_float32_roundoff_but_rejects_real_regression" time="0.000" /><testcase classname="tests.test_sequence_transfer" name="test_guard_rejects_invalid_error_evidence[errors0]" time="0.000" /><testcase classname="tests.test_sequence_transfer" name="test_guard_rejects_invalid_error_evidence[errors1]" time="0.000" /><testcase classname="tests.test_sequence_transfer" name="test_guard_rejects_invalid_error_evidence[errors2]" time="0.000" /><testcase classname="tests.test_sequence_transfer" name="test_invalid_guard_is_rejected[h0-g0-1.1]" time="0.000" /><testcase classname="tests.test_sequence_transfer" name="test_invalid_guard_is_rejected[h1-g1-1.1]" time="0.000" /><testcase classname="tests.test_sequence_transfer" name="test_invalid_guard_is_rejected[h2-g2-1.1]" time="0.000" /><testcase classname="tests.test_sequence_transfer" name="test_invalid_guard_is_rejected[h3-g3-0.9]" time="0.000" /><testcase classname="tests.test_sequence_transfer" name="test_guarded_fit_preserves_a_valid_initialization_and_reports_scale" time="0.752" /><testcase classname="tests.test_x8_reference" name="test_x8_adapter_emits_typed_flying_wing_trajectory" time="0.002" /><testcase classname="tests.test_x8_reference" name="test_x8_inspection_audits_source_consistency" time="0.008" /><testcase classname="tests.test_x8_reference" name="test_x8_adapter_can_exclude_the_wind_estimate_for_ablation" time="0.001" /><testcase classname="tests.test_x8_reference" name="test_x8_evaluation_requires_and_scores_upstream_validation" time="0.600" /><testcase classname="tests.test_arp_reference" name="test_adapter_applies_opinionated_reference_contract" time="0.001" /><testcase classname="tests.test_arp_reference" name="test_inspection_adds_pinned_identity" time="0.001" /><testcase classname="tests.test_arp_reference" name="test_reference_adapter_selects_longest_powered_interval" time="0.000" /><testcase classname="tests.test_direct_forecast" name="test_direct_heads_recover_affine_dynamics_and_roundtrip[True]" time="0.657" /><testcase classname="tests.test_direct_forecast" name="test_direct_heads_recover_affine_dynamics_and_roundtrip[False]" time="0.244" /><testcase classname="tests.test_direct_forecast" name="test_later_commands_cannot_affect_an_earlier_head" time="0.756" /><testcase classname="tests.test_direct_forecast" name="test_penalty_is_invariant_to_duplicating_training_windows" time="0.340" /><testcase classname="tests.test_direct_forecast" name="test_invalid_fit_contract_rejected[horizons0-0.1]" time="0.000" /><testcase classname="tests.test_direct_forecast" name="test_invalid_fit_contract_rejected[horizons1-0.1]" time="0.000" /><testcase classname="tests.test_direct_forecast" name="test_invalid_fit_contract_rejected[horizons2-0.1]" time="0.000" /><testcase classname="tests.test_direct_forecast" name="test_invalid_fit_contract_rejected[horizons3-0.1]" time="0.000" /><testcase classname="tests.test_direct_forecast" name="test_invalid_fit_contract_rejected[horizons4-0]" time="0.000" /><testcase classname="tests.test_direct_forecast" name="test_insufficient_future_command_prefix_rejected" time="0.001" /><testcase classname="tests.test_forecast_diagnosis" name="test_support_thresholds_exclude_same_recording_and_ignore_evaluation" time="0.007" /><testcase classname="tests.test_forecast_diagnosis" name="test_group_selection_preserves_different_development_winners" time="0.003" /><testcase classname="tests.test_forecast_diagnosis" name="test_trend_reference_uses_only_observed_history" time="0.003" /><testcase classname="tests.test_forecast_representation" name="test_representations_roundtrip_and_preserve_command_prefixes[relative]" time="1.176" /><testcase classname="tests.test_forecast_representation" name="test_representations_roundtrip_and_preserve_command_prefixes[linear_history]" time="0.512" /><testcase classname="tests.test_forecast_representation" name="test_representations_roundtrip_and_preserve_command_prefixes[quadratic_history]" time="0.533" /><testcase classname="tests.test_forecast_representation" name="test_representations_roundtrip_and_preserve_command_prefixes[pca95]" time="0.466" /><testcase classname="tests.test_forecast_representation" name="test_representations_roundtrip_and_preserve_command_prefixes[pca99]" time="0.164" /><testcase classname="tests.test_forecast_representation" name="test_relative_representation_is_equivariant_to_observation_offsets" time="0.028" /><testcase classname="tests.test_forecast_representation" name="test_history_compression_recovers_known_temporal_polynomial[1]" time="0.000" /><testcase classname="tests.test_forecast_representation" name="test_history_compression_recovers_known_temporal_polynomial[2]" time="0.000" /><testcase classname="tests.test_forecast_representation" name="test_pca_basis_is_training_derived_and_has_declared_energy" time="0.001" /><testcase classname="tests.test_forecast_representation" name="test_full_default_preserves_v1_metadata_and_predictions" time="0.001" /><testcase classname="tests.test_forecast_representation" name="test_invalid_representation_contract_rejected[unknown-True]" time="0.000" /><testcase classname="tests.test_forecast_representation" name="test_invalid_representation_contract_rejected[relative-False]" time="0.000" /><testcase classname="tests.test_forecast_representation" name="test_invalid_representation_contract_rejected[quadratic_history-False]" time="0.000" /><testcase classname="tests.test_sensor_recordings" name="test_usd_decoder_timestamps_fields_and_crc[1]" time="0.003" /><testcase classname="tests.test_sensor_recordings" name="test_usd_decoder_timestamps_fields_and_crc[2]" time="0.002" /><testcase classname="tests.test_sensor_recordings" name="test_local_selector_uses_reserved_residuals_and_query_features" time="0.004" /><testcase classname="tests.test_sequence_collection" name="test_mask_extracts_only_complete_windows_with_provenance" time="0.000" /><testcase classname="tests.test_sequence_collection" name="test_recording_identity_distinguishes_same_source_rows" time="0.000" /><testcase classname="tests.test_sequence_collection" name="test_invalid_window_keys_rejected[gap]" time="0.000" /><testcase classname="tests.test_sequence_collection" name="test_invalid_window_keys_rejected[duplicate]" time="0.000" /><testcase classname="tests.test_sequence_collection" name="test_invalid_window_keys_rejected[unknown]" time="0.000" /><testcase classname="tests.test_sequence_collection" name="test_invalid_window_keys_rejected[fractional]" time="0.000" /><testcase classname="tests.test_sequence_collection" name="test_invalid_window_keys_rejected[boolean]" time="0.000" /><testcase classname="tests.test_sequence_collection" name="test_inconsistent_segment_collections_rejected[duplicate]" time="0.000" /><testcase classname="tests.test_sequence_collection" name="test_inconsistent_segment_collections_rejected[overlap]" time="0.000" /><testcase classname="tests.test_sequence_collection" name="test_inconsistent_segment_collections_rejected[dt]" time="0.000" /><testcase classname="tests.test_sequence_collection" name="test_inconsistent_segment_collections_rejected[channels]" time="0.000" /><testcase classname="tests.test_sequence_collection" name="test_mask_requires_boolean_and_finite_retained_rows" time="0.000" /><testcase classname="tests.test_forecast_selection" name="test_equal_record_weighting_exposes_long_record_dominance" time="0.001" /><testcase classname="tests.test_forecast_selection" name="test_excluded_record_outcomes_cannot_change_subset_choice" time="0.001" /><testcase classname="tests.test_forecast_selection" name="test_guard_checks_every_horizon_and_output_group" time="0.000" /><testcase classname="tests.test_forecast_selection" name="test_invalid_evidence_inputs[groups]" time="0.000" /><testcase classname="tests.test_forecast_selection" name="test_invalid_evidence_inputs[ids]" time="0.000" /><testcase classname="tests.test_forecast_selection" name="test_invalid_evidence_inputs[scale]" time="0.000" /><testcase classname="tests.test_forecast_selection" name="test_invalid_evidence_inputs[prediction]" time="0.000" /><testcase classname="tests.test_forecast_selection" name="test_zero_reference_and_bad_subsets" time="0.000" /><testcase classname="tests.test_forecast_selection" name="test_evidence_owns_arrays_and_rejects_inconsistent_counts" time="0.000" /></testsuite></testsuites>