<?xml version="1.0" encoding="utf-8"?><testsuites name="pytest tests"><testsuite name="pytest" errors="0" failures="0" skipped="0" tests="58" time="16.162" timestamp="2026-09-14T13:56:16.693963-04:00" hostname="Rylands-MacBook-Air.local"><testcase classname="tests.test_history_confounding" name="test_cycle_is_fully_observed_markov_with_older_nonlinear_proxy[101]" time="0.011" /><testcase classname="tests.test_history_confounding" name="test_cycle_is_fully_observed_markov_with_older_nonlinear_proxy[202]" time="0.008" /><testcase classname="tests.test_history_confounding" name="test_cycle_is_fully_observed_markov_with_older_nonlinear_proxy[303]" time="0.008" /><testcase classname="tests.test_history_confounding" name="test_short_additive_cubic_basis_contains_the_witness_residual" time="0.001" /><testcase classname="tests.test_history_confounding" name="test_hold_witness_uses_no_future_values" time="0.001" /><testcase classname="tests.test_history_confounding" name="test_basis_comparison_keeps_unavailable_ratios" time="0.000" /><testcase classname="tests.test_history_confounding" name="test_pooled_horizon_scale_uses_training_only_and_preserves_units" time="11.268" /><testcase classname="tests.test_history_confounding" name="test_pooled_scale_retains_positive_state_scale_floor" time="0.001" /><testcase classname="tests.test_sequence_diagnostics" name="test_diagnose_is_read_only_and_has_no_tuning_parameters" time="1.127" /><testcase classname="tests.test_sequence_diagnostics" name="test_window_indexing_and_foreign_donors_do_not_leak" time="0.000" /><testcase classname="tests.test_sequence_diagnostics" name="test_diagnostic_evidence_must_be_disjoint_and_aligned[known_id]" time="0.001" /><testcase classname="tests.test_sequence_diagnostics" name="test_diagnostic_evidence_must_be_disjoint_and_aligned[known_content]" time="0.001" /><testcase classname="tests.test_sequence_diagnostics" name="test_diagnostic_evidence_must_be_disjoint_and_aligned[too_few]" time="0.001" /><testcase classname="tests.test_sequence_diagnostics" name="test_diagnostic_evidence_must_be_disjoint_and_aligned[contract]" time="0.001" /><testcase classname="tests.test_sequence_diagnostics" name="test_diagnostic_evidence_must_be_disjoint_and_aligned[short]" time="0.001" /><testcase classname="tests.test_sequence_diagnostics" name="test_regression_matches_augmented_least_squares_and_unit_conversion[7-False]" time="0.000" /><testcase classname="tests.test_sequence_diagnostics" name="test_regression_matches_augmented_least_squares_and_unit_conversion[7-True]" time="0.000" /><testcase classname="tests.test_sequence_diagnostics" name="test_regression_matches_augmented_least_squares_and_unit_conversion[70-False]" time="0.000" /><testcase classname="tests.test_sequence_diagnostics" name="test_regression_matches_augmented_least_squares_and_unit_conversion[70-True]" time="0.000" /><testcase classname="tests.test_sequence_diagnostics" name="test_zero_input_reference_is_unavailable_not_zero_uncertainty" time="0.061" /><testcase classname="tests.test_sequence_diagnostics" name="test_diagnostic_histories_do_not_cross_segment_gaps" time="0.214" /><testcase classname="tests.test_model_qualification" name="test_linear_counterfactual_derivative_and_policy_ambiguity" time="0.001" /><testcase classname="tests.test_model_qualification" name="test_hidden_memory_probe_is_causal_and_indistinguishable" time="0.001" /><testcase classname="tests.test_model_qualification" name="test_encodings_preserve_information_and_common_coordinates[identity]" time="0.001" /><testcase classname="tests.test_model_qualification" name="test_encodings_preserve_information_and_common_coordinates[units_offset]" time="0.001" /><testcase classname="tests.test_model_qualification" name="test_encodings_preserve_information_and_common_coordinates[orthogonal]" time="0.001" /><testcase classname="tests.test_model_qualification" name="test_encodings_preserve_information_and_common_coordinates[permuted]" time="0.001" /><testcase classname="tests.test_model_qualification" name="test_encodings_preserve_information_and_common_coordinates[duplicate_first]" time="0.001" /><testcase classname="tests.test_model_qualification" name="test_recordings_and_windows_keep_future_targets_separate" time="0.011" /><testcase classname="tests.test_default_model" name="test_fit_and_update_have_no_tuning_parameters" time="0.000" /><testcase classname="tests.test_default_model" name="test_one_recursive_model_and_prefix_causality" time="1.642" /><testcase classname="tests.test_default_model" name="test_missing_history_and_unsupported_horizon_are_rejected" time="0.007" /><testcase classname="tests.test_default_model" name="test_roundtrip_retains_recipe_evidence_and_cache" time="0.121" /><testcase classname="tests.test_default_model" name="test_update_preserves_old_revision_and_reserved_observations" time="0.485" /><testcase classname="tests.test_default_model" name="test_input_record_order_does_not_change_the_recipe_result" time="0.634" /><testcase classname="tests.test_default_model" name="test_update_rejects_mismatch_and_reused_evidence[configuration]" time="0.000" /><testcase classname="tests.test_default_model" name="test_update_rejects_mismatch_and_reused_evidence[units]" time="0.000" /><testcase classname="tests.test_default_model" name="test_update_rejects_mismatch_and_reused_evidence[dt]" time="0.000" /><testcase classname="tests.test_default_model" name="test_update_rejects_mismatch_and_reused_evidence[identity]" time="0.001" /><testcase classname="tests.test_default_model" name="test_update_rejects_mismatch_and_reused_evidence[content]" time="0.000" /><testcase classname="tests.test_default_model" name="test_recording_facts_and_independent_roles_are_required" time="0.001" /><testcase classname="tests.test_default_model" name="test_report_and_contract_are_defensive_copies" time="0.000" /><testcase classname="tests.test_sequence_collection" name="test_mask_extracts_only_complete_windows_with_provenance" time="0.000" /><testcase classname="tests.test_sequence_collection" name="test_recording_identity_distinguishes_same_source_rows" time="0.000" /><testcase classname="tests.test_sequence_collection" name="test_invalid_window_keys_rejected[gap]" time="0.000" /><testcase classname="tests.test_sequence_collection" name="test_invalid_window_keys_rejected[duplicate]" time="0.000" /><testcase classname="tests.test_sequence_collection" name="test_invalid_window_keys_rejected[unknown]" time="0.000" /><testcase classname="tests.test_sequence_collection" name="test_invalid_window_keys_rejected[fractional]" time="0.000" /><testcase classname="tests.test_sequence_collection" name="test_invalid_window_keys_rejected[boolean]" time="0.000" /><testcase classname="tests.test_sequence_collection" name="test_inconsistent_segment_collections_rejected[duplicate]" time="0.000" /><testcase classname="tests.test_sequence_collection" name="test_inconsistent_segment_collections_rejected[overlap]" time="0.000" /><testcase classname="tests.test_sequence_collection" name="test_inconsistent_segment_collections_rejected[dt]" time="0.000" /><testcase classname="tests.test_sequence_collection" name="test_inconsistent_segment_collections_rejected[channels]" time="0.000" /><testcase classname="tests.test_sequence_collection" name="test_mask_requires_boolean_and_finite_retained_rows" time="0.000" /><testcase classname="tests.test_public_api" name="test_public_api_exports_resolve_and_are_unique" time="0.000" /><testcase classname="tests.test_public_api" name="test_public_api_matches_the_recorded_surface" time="0.000" /><testcase classname="tests.test_public_api" name="test_public_api_names_never_shadow_a_submodule" time="0.001" /><testcase classname="tests.test_public_api" name="test_importing_public_api_does_not_load_deferred_subpackages" time="0.464" /></testsuite></testsuites>