<?xml version="1.0" encoding="utf-8"?><testsuites name="pytest tests"><testsuite name="pytest" errors="0" failures="0" skipped="0" tests="34" time="11.519" timestamp="2026-09-14T11:47:26.649982-04:00" hostname="Rylands-MacBook-Air.local"><testcase classname="tests.test_cascade_accuracy" name="test_observation_contract_and_reference_velocity" time="0.617" /><testcase classname="tests.test_cascade_accuracy" name="test_known_reset_and_command_replay_match_public_plant" time="5.992" /><testcase classname="tests.test_cascade_accuracy" name="test_pure_predictors_are_not_contaminated_by_unused_nonfinite_branch" time="0.162" /><testcase classname="tests.test_cascade_accuracy" name="test_truncated_trial_counts_remaining_time_as_failure" time="1.179" /><testcase classname="tests.test_cascade_accuracy" name="test_recording_identity_survives_adapter" time="0.186" /><testcase classname="tests.test_default_model" name="test_fit_and_update_have_no_tuning_parameters" time="0.000" /><testcase classname="tests.test_default_model" name="test_one_recursive_model_and_prefix_causality" time="1.752" /><testcase classname="tests.test_default_model" name="test_missing_history_and_unsupported_horizon_are_rejected" time="0.012" /><testcase classname="tests.test_default_model" name="test_roundtrip_retains_recipe_evidence_and_cache" time="0.123" /><testcase classname="tests.test_default_model" name="test_update_preserves_old_revision_and_reserved_observations" time="0.442" /><testcase classname="tests.test_default_model" name="test_input_record_order_does_not_change_the_recipe_result" time="0.537" /><testcase classname="tests.test_default_model" name="test_update_rejects_mismatch_and_reused_evidence[configuration]" time="0.000" /><testcase classname="tests.test_default_model" name="test_update_rejects_mismatch_and_reused_evidence[units]" time="0.000" /><testcase classname="tests.test_default_model" name="test_update_rejects_mismatch_and_reused_evidence[dt]" time="0.000" /><testcase classname="tests.test_default_model" name="test_update_rejects_mismatch_and_reused_evidence[identity]" time="0.000" /><testcase classname="tests.test_default_model" name="test_update_rejects_mismatch_and_reused_evidence[content]" time="0.000" /><testcase classname="tests.test_default_model" name="test_recording_facts_and_independent_roles_are_required" time="0.001" /><testcase classname="tests.test_default_model" name="test_report_and_contract_are_defensive_copies" time="0.000" /><testcase classname="tests.test_sequence_collection" name="test_mask_extracts_only_complete_windows_with_provenance" time="0.000" /><testcase classname="tests.test_sequence_collection" name="test_recording_identity_distinguishes_same_source_rows" time="0.000" /><testcase classname="tests.test_sequence_collection" name="test_invalid_window_keys_rejected[gap]" time="0.000" /><testcase classname="tests.test_sequence_collection" name="test_invalid_window_keys_rejected[duplicate]" time="0.000" /><testcase classname="tests.test_sequence_collection" name="test_invalid_window_keys_rejected[unknown]" time="0.000" /><testcase classname="tests.test_sequence_collection" name="test_invalid_window_keys_rejected[fractional]" time="0.000" /><testcase classname="tests.test_sequence_collection" name="test_invalid_window_keys_rejected[boolean]" time="0.000" /><testcase classname="tests.test_sequence_collection" name="test_inconsistent_segment_collections_rejected[duplicate]" time="0.000" /><testcase classname="tests.test_sequence_collection" name="test_inconsistent_segment_collections_rejected[overlap]" time="0.000" /><testcase classname="tests.test_sequence_collection" name="test_inconsistent_segment_collections_rejected[dt]" time="0.000" /><testcase classname="tests.test_sequence_collection" name="test_inconsistent_segment_collections_rejected[channels]" time="0.000" /><testcase classname="tests.test_sequence_collection" name="test_mask_requires_boolean_and_finite_retained_rows" time="0.000" /><testcase classname="tests.test_public_api" name="test_public_api_exports_resolve_and_are_unique" time="0.000" /><testcase classname="tests.test_public_api" name="test_public_api_matches_the_recorded_surface" time="0.000" /><testcase classname="tests.test_public_api" name="test_public_api_names_never_shadow_a_submodule" time="0.000" /><testcase classname="tests.test_public_api" name="test_importing_public_api_does_not_load_deferred_subpackages" time="0.453" /></testsuite></testsuites>